0 info it worked if it ends with ok
1 verbose cli [ '/usr/local/bin/iojs', '/usr/local/bin/npm', 'run', 'deploy' ]
2 info using npm@3.4.1
3 info using node@v3.0.0
4 verbose run-script [ 'predeploy', 'deploy', 'postdeploy' ]
5 info lifecycle aware@1.0.0~predeploy: aware@1.0.0
6 silly lifecycle aware@1.0.0~predeploy: no script for predeploy, continuing
7 info lifecycle aware@1.0.0~deploy: aware@1.0.0
8 verbose lifecycle aware@1.0.0~deploy: unsafe-perm in lifecycle true
9 verbose lifecycle aware@1.0.0~deploy: PATH: /usr/local/lib/node_modules/npm/bin/node-gyp-bin:/Users/KHB/Sites/aware/node_modules/.bin:/usr/local/bin:/usr/bin:/bin:/usr/sbin:/sbin:/opt/X11/bin
10 verbose lifecycle aware@1.0.0~deploy: CWD: /Users/KHB/Sites/aware
11 silly lifecycle aware@1.0.0~deploy: Args: [ '-c',
11 silly lifecycle   'meteor deploy aware.meteor.com --settings app/settings.json' ]
12 silly lifecycle aware@1.0.0~deploy: Returned: code: 1  signal: null
13 info lifecycle aware@1.0.0~deploy: Failed to exec deploy script
14 verbose stack Error: aware@1.0.0 deploy: `meteor deploy aware.meteor.com --settings app/settings.json`
14 verbose stack Exit status 1
14 verbose stack     at EventEmitter.<anonymous> (/usr/local/lib/node_modules/npm/lib/utils/lifecycle.js:232:16)
14 verbose stack     at emitTwo (events.js:87:13)
14 verbose stack     at EventEmitter.emit (events.js:172:7)
14 verbose stack     at ChildProcess.<anonymous> (/usr/local/lib/node_modules/npm/lib/utils/spawn.js:24:14)
14 verbose stack     at emitTwo (events.js:87:13)
14 verbose stack     at ChildProcess.emit (events.js:172:7)
14 verbose stack     at maybeClose (internal/child_process.js:764:16)
14 verbose stack     at Process.ChildProcess._handle.onexit (internal/child_process.js:211:5)
15 verbose pkgid aware@1.0.0
16 verbose cwd /Users/KHB/Sites/aware/app
17 error Darwin 15.3.0
18 error argv "/usr/local/bin/iojs" "/usr/local/bin/npm" "run" "deploy"
19 error node v3.0.0
20 error npm  v3.4.1
21 error code ELIFECYCLE
22 error aware@1.0.0 deploy: `meteor deploy aware.meteor.com --settings app/settings.json`
22 error Exit status 1
23 error Failed at the aware@1.0.0 deploy script 'meteor deploy aware.meteor.com --settings app/settings.json'.
23 error Make sure you have the latest version of node.js and npm installed.
23 error If you do, this is most likely a problem with the aware package,
23 error not with npm itself.
23 error Tell the author that this fails on your system:
23 error     meteor deploy aware.meteor.com --settings app/settings.json
23 error You can get their info via:
23 error     npm owner ls aware
23 error There is likely additional logging output above.
24 verbose exit [ 1, true ]
